<?xml version="1.0" encoding="UTF-8"?>
<!-- Generated by org.testng.reporters.JUnitReportReporter -->
<testsuite hostname="DESKTOP-02175GH" failures="0" tests="1" name="com.SwagLabs.Utility.SheetdataTest" time="2.477" errors="0" timestamp="2024-03-11T01:26:20 PDT" skipped="0">
  <testcase classname="com.SwagLabs.Utility.SheetdataTest" name="getdata" time="2.477"/>
  <system-out/>
</testsuite> <!-- com.SwagLabs.Utility.SheetdataTest -->
