<?xml version="1.0" encoding="UTF-8"?>
<!-- Generated by org.testng.reporters.JUnitReportReporter -->
<testsuite hostname="DESKTOP-02175GH" failures="0" tests="2" name="com.SwagLabs.Utility.parallelTest" time="42.624" errors="0" timestamp="2024-03-12T01:36:17 PDT" skipped="0">
  <testcase classname="com.SwagLabs.Utility.parallelTest" name="test1" time="24.278"/>
  <system-out/>
  <testcase classname="com.SwagLabs.Utility.parallelTest" name="test1" time="18.346"/>
  <system-out/>
</testsuite> <!-- com.SwagLabs.Utility.parallelTest -->
