<?xml version="1.0" encoding="UTF-8"?>
<!-- Generated by org.testng.reporters.JUnitReportReporter -->
<testsuite hostname="DESKTOP-02175GH" failures="0" tests="1" name="com.SwagLabs.TestCases.OverviewTest" time="0.023" errors="0" timestamp="2024-03-11T05:02:03 PDT" skipped="0">
  <testcase classname="com.SwagLabs.TestCases.OverviewTest" name="f" time="0.023"/>
  <system-out/>
</testsuite> <!-- com.SwagLabs.TestCases.OverviewTest -->
