<?xml version="1.0" encoding="UTF-8"?>
<!-- Generated by org.testng.reporters.JUnitReportReporter -->
<testsuite hostname="DESKTOP-02175GH" failures="0" tests="1" name="com.SwagLabs.TestCases.InformationTest" time="0.762" errors="0" timestamp="2024-03-15T01:36:33 PDT" skipped="0">
  <testcase classname="com.SwagLabs.TestCases.InformationTest" name="checkinfo" time="0.762"/>
  <system-out/>
</testsuite> <!-- com.SwagLabs.TestCases.InformationTest -->
